c:\src\dev\tafco\leaf\leaf\x64\release\vc120.pdb
c:\src\dev\tafco\leaf\leaf\x64\release\spearman.obj
c:\src\dev\tafco\leaf\leaf\x64\release\lfteaser.obj
c:\src\dev\tafco\leaf\leaf\x64\release\lfstrategy.obj
c:\src\dev\tafco\leaf\leaf\x64\release\lfsignal_highlow.obj
c:\src\dev\tafco\leaf\leaf\x64\release\lfsignal.obj
c:\src\dev\tafco\leaf\leaf\x64\release\lfside.obj
c:\src\dev\tafco\leaf\leaf\x64\release\lfposition.obj
c:\src\dev\tafco\leaf\leaf\x64\release\lfpoint.obj
c:\src\dev\tafco\leaf\leaf\x64\release\lfmomentumdata.obj
c:\src\dev\tafco\leaf\leaf\x64\release\lfmatch.obj
c:\src\dev\tafco\leaf\leaf\x64\release\lfmarketstate.obj
c:\src\dev\tafco\leaf\leaf\x64\release\lfmarketmodel.obj
c:\src\dev\tafco\leaf\leaf\x64\release\lfdata.obj
c:\src\dev\tafco\leaf\leaf\x64\release\lfcommondata.obj
c:\src\dev\tafco\leaf\leaf\x64\release\lfcluster.obj
c:\src\dev\tafco\leaf\leaf\x64\release\lfbox.obj
c:\src\dev\tafco\leaf\leaf\x64\release\lfscopestore.obj
c:\src\dev\tafco\leaf\leaf\x64\release\lfpointstore.obj
c:\src\dev\tafco\leaf\leaf\x64\release\lfmarketdata.obj
c:\src\dev\tafco\leaf\leaf\x64\release\lfsignal_lcy.obj
c:\src\dev\tafco\zircomp_install\x64\lib\leaf.lib
c:\src\dev\tafco\zircomp_install\x64\lib\leaf.exp
c:\src\dev\tafco\zircomp_install\x64\bin\leaf.dll
c:\src\dev\tafco\zircomp_install\x64\bin\leaf.pdb
c:\src\dev\tafco\leaf\..\zircomp_install\x64\bin\leaf.pdb
c:\src\dev\tafco\leaf\..\zircomp_install\x64\bin\leaf.dll
c:\src\dev\tafco\leaf\leaf\x64\release\leaf.tlog\cl.command.1.tlog
c:\src\dev\tafco\leaf\leaf\x64\release\leaf.tlog\cl.read.1.tlog
c:\src\dev\tafco\leaf\leaf\x64\release\leaf.tlog\cl.write.1.tlog
c:\src\dev\tafco\leaf\leaf\x64\release\leaf.tlog\leaf.write.1u.tlog
c:\src\dev\tafco\leaf\leaf\x64\release\leaf.tlog\link.command.1.tlog
c:\src\dev\tafco\leaf\leaf\x64\release\leaf.tlog\link.read.1.tlog
c:\src\dev\tafco\leaf\leaf\x64\release\leaf.tlog\link.write.1.tlog
