c:\src\dev\tafco\leaf\app\md_monitor\x64\release\md_monitor.pch
c:\src\dev\tafco\leaf\app\md_monitor\x64\release\vc120.pdb
c:\src\dev\tafco\leaf\app\md_monitor\x64\release\stdafx.obj
c:\src\dev\tafco\leaf\app\md_monitor\x64\release\versioninfo.obj
c:\src\dev\tafco\leaf\app\md_monitor\x64\release\clrbutton.obj
c:\src\dev\tafco\leaf\app\md_monitor\x64\release\rundialog.obj
c:\src\dev\tafco\leaf\app\md_monitor\x64\release\p_orderview.obj
c:\src\dev\tafco\leaf\app\md_monitor\x64\release\p_orderfillview.obj
c:\src\dev\tafco\leaf\app\md_monitor\x64\release\p_rtposview.obj
c:\src\dev\tafco\leaf\app\md_monitor\x64\release\modeldialog.obj
c:\src\dev\tafco\leaf\app\md_monitor\x64\release\md_monitorview.obj
c:\src\dev\tafco\leaf\app\md_monitor\x64\release\md_monitordoc.obj
c:\src\dev\tafco\leaf\app\md_monitor\x64\release\md_monitor.obj
c:\src\dev\tafco\leaf\app\md_monitor\x64\release\md_graphview.obj
c:\src\dev\tafco\leaf\app\md_monitor\x64\release\initdialog.obj
c:\src\dev\tafco\leaf\app\md_monitor\x64\release\batchview.obj
c:\src\dev\tafco\leaf\app\md_monitor\x64\release\playerdlgbar.obj
c:\src\dev\tafco\leaf\app\md_monitor\x64\release\mainfrm.obj
c:\src\dev\tafco\leaf\app\md_monitor\x64\release\childfrm.obj
c:\src\dev\tafco\zircomp_install\x64\bin\md_monitor.exe
c:\src\dev\tafco\zircomp_install\x64\bin\md_monitor.pdb
c:\src\dev\tafco\leaf\app\md_monitor\x64\release\md_monitor.res
c:\src\dev\tafco\leaf\..\zircomp_install\x64\bin\md_monitor.pdb
c:\src\dev\tafco\leaf\..\zircomp_install\x64\bin\md_monitor.exe
c:\src\dev\tafco\leaf\app\md_monitor\x64\release\md_monitor.tlog\cl.command.1.tlog
c:\src\dev\tafco\leaf\app\md_monitor\x64\release\md_monitor.tlog\cl.read.1.tlog
c:\src\dev\tafco\leaf\app\md_monitor\x64\release\md_monitor.tlog\cl.write.1.tlog
c:\src\dev\tafco\leaf\app\md_monitor\x64\release\md_monitor.tlog\link.command.1.tlog
c:\src\dev\tafco\leaf\app\md_monitor\x64\release\md_monitor.tlog\link.read.1.tlog
c:\src\dev\tafco\leaf\app\md_monitor\x64\release\md_monitor.tlog\link.write.1.tlog
c:\src\dev\tafco\leaf\app\md_monitor\x64\release\md_monitor.tlog\rc.command.1.tlog
c:\src\dev\tafco\leaf\app\md_monitor\x64\release\md_monitor.tlog\rc.read.1.tlog
c:\src\dev\tafco\leaf\app\md_monitor\x64\release\md_monitor.tlog\rc.write.1.tlog
